Arguments: 
  /Users/koladeolukoya/.nvm/versions/node/v22.14.0/bin/node /Users/koladeolukoya/.yvm/versions/v1.9.2/bin/yarn.js install

PATH: 
  /Users/koladeolukoya/.bun/bin:/Users/koladeolukoya/.yvm/shim:/Users/koladeolukoya/.yarn/bin:/Users/koladeolukoya/.config/yarn/global/node_modules/.bin:/Users/koladeolukoya/.nvm/versions/node/v22.14.0/bin:/usr/local/bin:/usr/local/sbin:/usr/local/bin:/usr/bin:/bin:/usr/sbin:/sbin:/Users/koladeolukoya/Library/Application Support/org.dfinity.dfx/bin:/Users/koladeolukoya/.cargo/bin:/Users/koladeolukoya/.radicle/bin:/Users/koladeolukoya/Library/Android/sdk/tools:/Users/koladeolukoya/Library/Android/sdk/platform-tools:/usr/local/flutter/bin

Yarn version: 
  1.9.2

Node version: 
  22.14.0

Platform: 
  darwin x64

Trace: 
  Error: read ETIMEDOUT
      at TLSWrap.onStreamRead (node:internal/stream_base_commons:216:20)

npm manifest: 
  {
    "name": "blockfinax-ui",
    "private": true,
    "version": "0.1.0",
    "type": "module",
    "scripts": {
      "dev": "vite",
      "build": "tsc && vite build",
      "preview": "vite preview"
    },
    "dependencies": {
      "@account-kit/infra": "^4.35.1",
      "@account-kit/react": "^4.35.1",
      "@radix-ui/react-accordion": "^1.1.2",
      "@radix-ui/react-alert-dialog": "^1.0.4",
      "@radix-ui/react-avatar": "^1.0.3",
      "@radix-ui/react-checkbox": "^1.1.2",
      "@radix-ui/react-dialog": "^1.0.4",
      "@radix-ui/react-dropdown-menu": "^2.0.5",
      "@radix-ui/react-label": "^2.0.2",
      "@radix-ui/react-navigation-menu": "^1.1.3",
      "@radix-ui/react-scroll-area": "^1.2.0",
      "@radix-ui/react-select": "^2.1.2",
      "@radix-ui/react-separator": "^1.1.0",
      "@radix-ui/react-slider": "^1.2.1",
      "@radix-ui/react-slot": "^1.0.2",
      "@radix-ui/react-switch": "^1.1.1",
      "@radix-ui/react-tabs": "^1.0.4",
      "@radix-ui/react-toast": "^1.1.4",
      "@radix-ui/react-toggle": "^1.1.0",
      "@radix-ui/react-toggle-group": "^1.1.0",
      "@radix-ui/react-tooltip": "^1.1.3",
      "@tanstack/react-query": "^5.76.1",
      "class-variance-authority": "^0.7.0",
      "clsx": "^2.0.0",
      "date-fns": "^2.30.0",
      "dotenv": "^16.5.0",
      "ethers": "^6.7.1",
      "framer-motion": "^10.16.5",
      "lucide-react": "^0.292.0",
      "react": "^18.2.0",
      "react-dom": "^18.2.0",
      "react-hook-form": "^7.48.2",
      "react-i18next": "^13.5.0",
      "react-icons": "^4.12.0",
      "recharts": "^2.10.0",
      "tailwind-merge": "^2.0.0",
      "tailwindcss-animate": "^1.0.7",
      "wagmi": "2.12.7",
      "wouter": "^2.12.1",
      "zod": "^3.22.4"
    },
    "devDependencies": {
      "@tailwindcss/postcss": "^4.1.7",
      "@types/node": "^20.9.3",
      "@types/react": "^18.2.38",
      "@types/react-dom": "^18.2.15",
      "@vitejs/plugin-react": "^4.2.0",
      "autoprefixer": "^10.4.16",
      "postcss": "^8.5.3",
      "tailwindcss": "^4.1.7",
      "typescript": "^5.3.2",
      "vite": "^5.0.2"
    }
  }

yarn manifest: 
  No manifest

Lockfile: 
  No lockfile
